
============================================================
Generating: ESTONIA
============================================================
  Generating estonia/it...
  Saved /home/ubuntu/quo-vadis/estonia-nature-encyclopedic-it.md (27339 chars)
  Generating estonia/en...
  Saved /home/ubuntu/quo-vadis/estonia-nature-encyclopedic-en.md (31093 chars)
  Generating estonia/es...
  Saved /home/ubuntu/quo-vadis/estonia-nature-encyclopedic-es.md (26855 chars)

============================================================
Generating: LATVIA
============================================================
  Generating latvia/it...
  Saved /home/ubuntu/quo-vadis/latvia-nature-encyclopedic-it.md (24068 chars)
  Generating latvia/en...
  Saved /home/ubuntu/quo-vadis/latvia-nature-encyclopedic-en.md (27136 chars)
  Generating latvia/es...
  Saved /home/ubuntu/quo-vadis/latvia-nature-encyclopedic-es.md (25942 chars)

============================================================
Generating: LITHUANIA
============================================================
  Generating lithuania/it...
  Saved /home/ubuntu/quo-vadis/lithuania-nature-encyclopedic-it.md (22561 chars)
  Generating lithuania/en...
  Saved /home/ubuntu/quo-vadis/lithuania-nature-encyclopedic-en.md (25868 chars)
  Generating lithuania/es...
  Saved /home/ubuntu/quo-vadis/lithuania-nature-encyclopedic-es.md (21823 chars)

============================================================
Generating: POLAND
============================================================
  Generating poland/it...
  Saved /home/ubuntu/quo-vadis/poland-nature-encyclopedic-it.md (26175 chars)
  Generating poland/en...
  Saved /home/ubuntu/quo-vadis/poland-nature-encyclopedic-en.md (27345 chars)
  Generating poland/es...
  Saved /home/ubuntu/quo-vadis/poland-nature-encyclopedic-es.md (22770 chars)

============================================================
Generating: AUSTRIA
============================================================
  Generating austria/it...
  Saved /home/ubuntu/quo-vadis/austria-nature-encyclopedic-it.md (25105 chars)
  Generating austria/en...
  Saved /home/ubuntu/quo-vadis/austria-nature-encyclopedic-en.md (31103 chars)
  Generating austria/es...
  Saved /home/ubuntu/quo-vadis/austria-nature-encyclopedic-es.md (26331 chars)

============================================================
Generating: DENMARK
============================================================
  Generating denmark/it...
  Saved /home/ubuntu/quo-vadis/denmark-nature-encyclopedic-it.md (22381 chars)
  Generating denmark/en...
  Saved /home/ubuntu/quo-vadis/denmark-nature-encyclopedic-en.md (29465 chars)
  Generating denmark/es...
  Saved /home/ubuntu/quo-vadis/denmark-nature-encyclopedic-es.md (20517 chars)

============================================================
Generating: FRANCE
============================================================
  Generating france/it...
  Saved /home/ubuntu/quo-vadis/france-nature-encyclopedic-it.md (22839 chars)
  Generating france/en...
  Saved /home/ubuntu/quo-vadis/france-nature-encyclopedic-en.md (28394 chars)
  Generating france/es...
  Saved /home/ubuntu/quo-vadis/france-nature-encyclopedic-es.md (23518 chars)

============================================================
Generating: SPAIN
============================================================
  Generating spain/it...
  Saved /home/ubuntu/quo-vadis/spain-nature-encyclopedic-it.md (24164 chars)
  Generating spain/en...
  Saved /home/ubuntu/quo-vadis/spain-nature-encyclopedic-en.md (26910 chars)
  Generating spain/es...
  Saved /home/ubuntu/quo-vadis/spain-nature-encyclopedic-es.md (19969 chars)
